<?xml version="1.0" encoding="UTF-8"?>
<testsuite xmlns:xsi="http://www.w3.org/2001/XMLSchema-instance" xsi:noNamespaceSchemaLocation="https://maven.apache.org/surefire/maven-surefire-plugin/xsd/surefire-test-report-3.0.xsd" version="3.0" name="com.lukeware.repository.CotacaoPesquisadorRepositoryTest" time="0.04" tests="2" errors="0" skipped="0" failures="0">
  <properties>
[...]
</properties>
  <testcase name="buscando_a_cotacao_entre_duas_datas" classname="com.lukeware.repository.CotacaoPesquisadorRepositoryTest" time="0.03"/>
  <testcase name="buscando_a_cotacao_do_dia_no_banco" classname="com.lukeware.repository.CotacaoPesquisadorRepositoryTest" time="0.006"/>
</testsuite>